============================= test session starts ==============================
platform darwin -- Python 2.7.10, pytest-3.2.3, py-1.5.2, pluggy-0.4.0 -- /System/Library/Frameworks/Python.framework/Versions/2.7/Resources/Python.app/Contents/MacOS/Python
cachedir: .cache
rootdir: /Users/tyler/PycharmProjects/testInstasizeAutomation, inifile:
plugins: forked-0.2, xdist-1.20.1
gw0 I / gw1 I
[gw0] darwin Python 2.7.10 cwd: /Users/tyler/PycharmProjects/testInstasizeAutomation
[gw1] darwin Python 2.7.10 cwd: /Users/tyler/PycharmProjects/testInstasizeAutomation
[gw0] Python 2.7.10 (default, Jul 15 2017, 17:16:57)  -- [GCC 4.2.1 Compatible Apple LLVM 9.0.0 (clang-900.0.31)]
[gw1] Python 2.7.10 (default, Jul 15 2017, 17:16:57)  -- [GCC 4.2.1 Compatible Apple LLVM 9.0.0 (clang-900.0.31)]
gw0 [68] / gw1 [68]

scheduling tests via LoadScheduling

CollageFilterExport6imgs/test_CollageArya6imgs.py::CollageFilter1imgExportTest::test_filter_uploads 
CollageFilterExport6imgs/test_CollageAthens6imgs.py::CollageFilter1imgExportTest::test_filter_uploads 
[gw1] FAILED CollageFilterExport6imgs/test_CollageArya6imgs.py::CollageFilter1imgExportTest::test_filter_uploads 
CollageFilterExport6imgs/test_CollageAzul6imgs.py::CollageFilter1imgExportTest::test_filter_uploads 
[gw1] FAILED CollageFilterExport6imgs/test_CollageAzul6imgs.py::CollageFilter1imgExportTest::test_filter_uploads 
CollageFilterExport6imgs/test_CollageBaltic6imgs.py::CollageFilter1imgExportTest::test_filter_uploads 
[gw0] PASSED CollageFilterExport6imgs/test_CollageAthens6imgs.py::CollageFilter1imgExportTest::test_filter_uploads 
CollageFilterExport6imgs/test_CollageBach6imgs.py::CollageFilter1imgExportTest::test_filter_uploads 
[gw1] FAILED CollageFilterExport6imgs/test_CollageBaltic6imgs.py::CollageFilter1imgExportTest::test_filter_uploads 
CollageFilterExport6imgs/test_CollageBloom6imgs.py::CollageFilter1imgExportTest::test_filter_uploads 
[gw0] FAILED CollageFilterExport6imgs/test_CollageBach6imgs.py::CollageFilter1imgExportTest::test_filter_uploads 
CollageFilterExport6imgs/test_CollageBark6imgs.py::CollageFilter1imgExportTest::test_filter_uploads 
[gw0] FAILED CollageFilterExport6imgs/test_CollageBark6imgs.py::CollageFilter1imgExportTest::test_filter_uploads 
CollageFilterExport6imgs/test_CollageCalico6imgs.py::CollageFilter1imgExportTest::test_filter_uploads 
[gw1] FAILED CollageFilterExport6imgs/test_CollageBloom6imgs.py::CollageFilter1imgExportTest::test_filter_uploads 
CollageFilterExport6imgs/test_CollageCelsius6imgs.py::CollageFilter1imgExportTest::test_filter_uploads 
[gw0] FAILED CollageFilterExport6imgs/test_CollageCalico6imgs.py::CollageFilter1imgExportTest::test_filter_uploads 
CollageFilterExport6imgs/test_CollageCoast6imgs.py::CollageFilter1imgExportTest::test_filter_uploads 
[gw1] FAILED CollageFilterExport6imgs/test_CollageCelsius6imgs.py::CollageFilter1imgExportTest::test_filter_uploads 
CollageFilterExport6imgs/test_CollageCruz6imgs.py::CollageFilter1imgExportTest::test_filter_uploads 
[gw0] FAILED CollageFilterExport6imgs/test_CollageCoast6imgs.py::CollageFilter1imgExportTest::test_filter_uploads 
CollageFilterExport6imgs/test_CollageEcho6imgs.py::CollageFilter1imgExportTest::test_filter_uploads 
[gw1] FAILED CollageFilterExport6imgs/test_CollageCruz6imgs.py::CollageFilter1imgExportTest::test_filter_uploads 
CollageFilterExport6imgs/test_CollageFin6imgs.py::CollageFilter1imgExportTest::test_filter_uploads 
[gw1] FAILED CollageFilterExport6imgs/test_CollageFin6imgs.py::CollageFilter1imgExportTest::test_filter_uploads 
CollageFilterExport6imgs/test_CollageFlux6imgs.py::CollageFilter1imgExportTest::test_filter_uploads 
[gw0] PASSED CollageFilterExport6imgs/test_CollageEcho6imgs.py::CollageFilter1imgExportTest::test_filter_uploads 
CollageFilterExport6imgs/test_CollageFlume6imgs.py::CollageFilter1imgExportTest::test_filter_uploads 
[gw1] FAILED CollageFilterExport6imgs/test_CollageFlux6imgs.py::CollageFilter1imgExportTest::test_filter_uploads 
CollageFilterExport6imgs/test_CollageH1SixImgs.py::CollageFilter1imgExportTest::test_filter_uploads 
[gw0] FAILED CollageFilterExport6imgs/test_CollageFlume6imgs.py::CollageFilter1imgExportTest::test_filter_uploads 
CollageFilterExport6imgs/test_CollageFront6imgs.py::CollageFilter1imgExportTest::test_filter_uploads 
[gw1] PASSED CollageFilterExport6imgs/test_CollageH1SixImgs.py::CollageFilter1imgExportTest::test_filter_uploads 
CollageFilterExport6imgs/test_CollageH2SixImgs.py::CollageFilter1imgExportTest::test_filter_uploads 
[gw0] PASSED CollageFilterExport6imgs/test_CollageFront6imgs.py::CollageFilter1imgExportTest::test_filter_uploads 
CollageFilterExport6imgs/test_CollageLatch6imgs.py::CollageFilter1imgExportTest::test_filter_uploads 
[gw1] PASSED CollageFilterExport6imgs/test_CollageH2SixImgs.py::CollageFilter1imgExportTest::test_filter_uploads 
CollageFilterExport6imgs/test_CollageH3SixImgs.py::CollageFilter1imgExportTest::test_filter_uploads 
[gw0] PASSED CollageFilterExport6imgs/test_CollageLatch6imgs.py::CollageFilter1imgExportTest::test_filter_uploads 
CollageFilterExport6imgs/test_CollageLincoln6imgsion.py::CollageFilter1imgExportTest::test_filter_uploads 
[gw1] PASSED CollageFilterExport6imgs/test_CollageH3SixImgs.py::CollageFilter1imgExportTest::test_filter_uploads 
CollageFilterExport6imgs/test_CollageHills6imgs.py::CollageFilter1imgExportTest::test_filter_uploads 
[gw0] PASSED CollageFilterExport6imgs/test_CollageLincoln6imgsion.py::CollageFilter1imgExportTest::test_filter_uploads 
CollageFilterExport6imgs/test_CollageLoft6imgs.py::CollageFilter1imgExportTest::test_filter_uploads 
[gw1] PASSED CollageFilterExport6imgs/test_CollageHills6imgs.py::CollageFilter1imgExportTest::test_filter_uploads 
CollageFilterExport6imgs/test_CollageHiro6imgs.py::CollageFilter1imgExportTest::test_filter_uploads 
[gw0] FAILED CollageFilterExport6imgs/test_CollageLoft6imgs.py::CollageFilter1imgExportTest::test_filter_uploads 
CollageFilterExport6imgs/test_CollageLoon6imgs.py::CollageFilter1imgExportTest::test_filter_uploads 

=================================== FAILURES ===================================
_______________ CollageFilter1imgExportTest.test_filter_uploads ________________
[gw1] darwin -- Python 2.7.10 /System/Library/Frameworks/Python.framework/Versions/2.7/Resources/Python.app/Contents/MacOS/Python

self = <testInstasizeAutomation.CollageFilterExport6imgs.test_CollageArya6imgs.CollageFilter1imgExportTest testMethod=test_filter_uploads>

    def test_filter_uploads(self):
        driver_builder = DriverBuilderAndroid()
        driver = driver_builder.driver
    
        # taps on the + icon
        addPhoto = GridPage(driver)
        addPhoto.addPhotoTap()
    
        # Asserts collapseIcon is displayed
        collapseIcon = GridPage(driver)
        collapseIcon.collapseIconFind()
    
        # taps on the native photos container
        tapCollageContainer = GridPage(driver)
        tapCollageContainer.collageButtonTap()
    
        # Asserts allPhotosButton is displayed
        allPhotosButton = PhotoLibraryAsserts(driver)
>       allPhotosButton.allPhotosButton()

CollageFilterExport6imgs/test_CollageArya6imgs.py:39: 
_ _ _ _ _ _ _ _ _ _ _ _ _ _ _ _ _ _ _ _ _ _ _ _ _ _ _ _ _ _ _ _ _ _ _ _ _ _ _ _ 
Asserts.py:17: in allPhotosButton
    allPhotosButton = self.driver.find_element_by_id("btnShowAlbumsList")
/Library/Python/2.7/site-packages/selenium/webdriver/remote/webdriver.py:289: in find_element_by_id
    return self.find_element(by=By.ID, value=id_)
/Library/Python/2.7/site-packages/selenium/webdriver/remote/webdriver.py:791: in find_element
    'value': value})['value']
/Library/Python/2.7/site-packages/selenium/webdriver/remote/webdriver.py:256: in execute
    self.error_handler.check_response(response)
_ _ _ _ _ _ _ _ _ _ _ _ _ _ _ _ _ _ _ _ _ _ _ _ _ _ _ _ _ _ _ _ _ _ _ _ _ _ _ _ 

self = <appium.webdriver.errorhandler.MobileErrorHandler object at 0x10c6ccc50>
response = {'status': 500, 'value': '{"status":7,"value":{"message":"An element could not be located on the page using the given search parameters."},"sessionId":"7ab34424-883c-4638-b9f6-57fbf129329c"}'}

>   ???
E   NoSuchElementException: Message: An element could not be located on the page using the given search parameters.

build/bdist.macosx-10.12-intel/egg/appium/webdriver/errorhandler.py:29: NoSuchElementException
----------------------------- Captured stdout call -----------------------------

----------------------------- Captured stderr call -----------------------------
error: more than one device/emulator
_______________ CollageFilter1imgExportTest.test_filter_uploads ________________
[gw1] darwin -- Python 2.7.10 /System/Library/Frameworks/Python.framework/Versions/2.7/Resources/Python.app/Contents/MacOS/Python

self = <testInstasizeAutomation.CollageFilterExport6imgs.test_CollageAzul6imgs.CollageFilter1imgExportTest testMethod=test_filter_uploads>

    def test_filter_uploads(self):
        driver_builder = DriverBuilderAndroid()
        driver = driver_builder.driver
    
        # taps on the + icon
        addPhoto = GridPage(driver)
        addPhoto.addPhotoTap()
    
        # Asserts collapseIcon is displayed
        collapseIcon = GridPage(driver)
        collapseIcon.collapseIconFind()
    
        # taps on the native photos container
        tapCollageContainer = GridPage(driver)
        tapCollageContainer.collageButtonTap()
    
        # Asserts allPhotosButton is displayed
        allPhotosButton = PhotoLibraryAsserts(driver)
>       allPhotosButton.allPhotosButton()

CollageFilterExport6imgs/test_CollageAzul6imgs.py:39: 
_ _ _ _ _ _ _ _ _ _ _ _ _ _ _ _ _ _ _ _ _ _ _ _ _ _ _ _ _ _ _ _ _ _ _ _ _ _ _ _ 
Asserts.py:17: in allPhotosButton
    allPhotosButton = self.driver.find_element_by_id("btnShowAlbumsList")
/Library/Python/2.7/site-packages/selenium/webdriver/remote/webdriver.py:289: in find_element_by_id
    return self.find_element(by=By.ID, value=id_)
/Library/Python/2.7/site-packages/selenium/webdriver/remote/webdriver.py:791: in find_element
    'value': value})['value']
/Library/Python/2.7/site-packages/selenium/webdriver/remote/webdriver.py:256: in execute
    self.error_handler.check_response(response)
_ _ _ _ _ _ _ _ _ _ _ _ _ _ _ _ _ _ _ _ _ _ _ _ _ _ _ _ _ _ _ _ _ _ _ _ _ _ _ _ 

self = <appium.webdriver.errorhandler.MobileErrorHandler object at 0x10c704510>
response = {'status': 500, 'value': '{"status":7,"value":{"message":"An element could not be located on the page using the given search parameters."},"sessionId":"cab636ef-f926-4253-ac49-60405efc0454"}'}

>   ???
E   NoSuchElementException: Message: An element could not be located on the page using the given search parameters.

build/bdist.macosx-10.12-intel/egg/appium/webdriver/errorhandler.py:29: NoSuchElementException
----------------------------- Captured stdout call -----------------------------

----------------------------- Captured stderr call -----------------------------
error: more than one device/emulator
_______________ CollageFilter1imgExportTest.test_filter_uploads ________________
[gw1] darwin -- Python 2.7.10 /System/Library/Frameworks/Python.framework/Versions/2.7/Resources/Python.app/Contents/MacOS/Python

self = <testInstasizeAutomation.CollageFilterExport6imgs.test_CollageBaltic6imgs.CollageFilter1imgExportTest testMethod=test_filter_uploads>

    def test_filter_uploads(self):
        driver_builder = DriverBuilderAndroid()
        driver = driver_builder.driver
    
        # taps on the + icon
        addPhoto = GridPage(driver)
>       addPhoto.addPhotoTap()

CollageFilterExport6imgs/test_CollageBaltic6imgs.py:27: 
_ _ _ _ _ _ _ _ _ _ _ _ _ _ _ _ _ _ _ _ _ _ _ _ _ _ _ _ _ _ _ _ _ _ _ _ _ _ _ _ 
InstasizePages.py:477: in addPhotoTap
    plusIcon = self.driver.find_element_by_id("ibAddPhoto")
/Library/Python/2.7/site-packages/selenium/webdriver/remote/webdriver.py:289: in find_element_by_id
    return self.find_element(by=By.ID, value=id_)
/Library/Python/2.7/site-packages/selenium/webdriver/remote/webdriver.py:791: in find_element
    'value': value})['value']
/Library/Python/2.7/site-packages/selenium/webdriver/remote/webdriver.py:256: in execute
    self.error_handler.check_response(response)
_ _ _ _ _ _ _ _ _ _ _ _ _ _ _ _ _ _ _ _ _ _ _ _ _ _ _ _ _ _ _ _ _ _ _ _ _ _ _ _ 

self = <appium.webdriver.errorhandler.MobileErrorHandler object at 0x10c6f7810>
response = {'status': 404, 'value': '{"status":6,"value":{"message":"A session is either terminated or not started"},"sessionId":"d782dd94-d37e-4eea-b267-bb46ef91a18f"}'}

>   ???
E   WebDriverException: Message: A session is either terminated or not started

build/bdist.macosx-10.12-intel/egg/appium/webdriver/errorhandler.py:29: WebDriverException
----------------------------- Captured stdout call -----------------------------

----------------------------- Captured stderr call -----------------------------
error: more than one device/emulator
_______________ CollageFilter1imgExportTest.test_filter_uploads ________________
[gw0] darwin -- Python 2.7.10 /System/Library/Frameworks/Python.framework/Versions/2.7/Resources/Python.app/Contents/MacOS/Python

self = <testInstasizeAutomation.CollageFilterExport6imgs.test_CollageBach6imgs.CollageFilter1imgExportTest testMethod=test_filter_uploads>

    def test_filter_uploads(self):
        driver_builder = DriverBuilderAndroid()
        driver = driver_builder.driver
    
        # taps on the + icon
        addPhoto = GridPage(driver)
        addPhoto.addPhotoTap()
    
        # Asserts collapseIcon is displayed
        collapseIcon = GridPage(driver)
        collapseIcon.collapseIconFind()
    
        # taps on the native photos container
        tapCollageContainer = GridPage(driver)
        tapCollageContainer.collageButtonTap()
    
        # Asserts allPhotosButton is displayed
        allPhotosButton = PhotoLibraryAsserts(driver)
        allPhotosButton.allPhotosButton()
    
        # taps on the top left photo
        tapTopLeftPhoto = CollagePage(driver)
        tapTopLeftPhoto.topLeftPhoto()
    
        # taps on the next photo to the right
        tapOnNextPhoto = CollagePage(driver)
        tapOnNextPhoto.tap2ndPhoto()
    
        # taps on the 3rd photo
        tapOn3rdPhoto = CollagePage(driver)
>       tapOn3rdPhoto.tap3rdPhoto()

CollageFilterExport6imgs/test_CollageBach6imgs.py:51: 
_ _ _ _ _ _ _ _ _ _ _ _ _ _ _ _ _ _ _ _ _ _ _ _ _ _ _ _ _ _ _ _ _ _ _ _ _ _ _ _ 
InstasizePages.py:766: in tap3rdPhoto
    el.click()
/Library/Python/2.7/site-packages/selenium/webdriver/remote/webelement.py:77: in click
    self._execute(Command.CLICK_ELEMENT)
/Library/Python/2.7/site-packages/selenium/webdriver/remote/webelement.py:493: in _execute
    return self._parent.execute(command, params)
/Library/Python/2.7/site-packages/selenium/webdriver/remote/webdriver.py:256: in execute
    self.error_handler.check_response(response)
_ _ _ _ _ _ _ _ _ _ _ _ _ _ _ _ _ _ _ _ _ _ _ _ _ _ _ _ _ _ _ _ _ _ _ _ _ _ _ _ 

self = <appium.webdriver.errorhandler.MobileErrorHandler object at 0x103938c50>
response = {'status': 500, 'value': '{"status":13,"value":{"message":"An unknown server-side error occurred while processing the command. Original error: UiAUtomator shut down unexpectedly"},"sessionId":"ddae733d-a9f4-4223-b390-23870e9691d5"}'}

>   ???
E   WebDriverException: Message: An unknown server-side error occurred while processing the command. Original error: UiAUtomator shut down unexpectedly

build/bdist.macosx-10.12-intel/egg/appium/webdriver/errorhandler.py:29: WebDriverException
----------------------------- Captured stdout call -----------------------------

----------------------------- Captured stderr call -----------------------------
error: more than one device/emulator
_______________ CollageFilter1imgExportTest.test_filter_uploads ________________
[gw0] darwin -- Python 2.7.10 /System/Library/Frameworks/Python.framework/Versions/2.7/Resources/Python.app/Contents/MacOS/Python

self = <testInstasizeAutomation.CollageFilterExport6imgs.test_CollageBark6imgs.CollageFilter1imgExportTest testMethod=test_filter_uploads>

    def test_filter_uploads(self):
        driver_builder = DriverBuilderAndroid()
        driver = driver_builder.driver
    
        # taps on the + icon
        addPhoto = GridPage(driver)
>       addPhoto.addPhotoTap()

CollageFilterExport6imgs/test_CollageBark6imgs.py:27: 
_ _ _ _ _ _ _ _ _ _ _ _ _ _ _ _ _ _ _ _ _ _ _ _ _ _ _ _ _ _ _ _ _ _ _ _ _ _ _ _ 
InstasizePages.py:495: in addPhotoTap
    EC.presence_of_element_located((By.ID, "ibAddPhoto")))
_ _ _ _ _ _ _ _ _ _ _ _ _ _ _ _ _ _ _ _ _ _ _ _ _ _ _ _ _ _ _ _ _ _ _ _ _ _ _ _ 

self = <selenium.webdriver.support.wait.WebDriverWait (session="a1a765e5-2786-45ef-bb28-27f4d3b17007")>
method = <selenium.webdriver.support.expected_conditions.presence_of_element_located object at 0x10392bd90>
message = ''

    def until(self, method, message=''):
        """Calls the method provided with the driver as an argument until the \
            return value is not False."""
        screen = None
        stacktrace = None
    
        end_time = time.time() + self._timeout
        while True:
            try:
                value = method(self._driver)
                if value:
                    return value
            except self._ignored_exceptions as exc:
                screen = getattr(exc, 'screen', None)
                stacktrace = getattr(exc, 'stacktrace', None)
            time.sleep(self._poll)
            if time.time() > end_time:
                break
>       raise TimeoutException(message, screen, stacktrace)
E       TimeoutException: Message:

/Library/Python/2.7/site-packages/selenium/webdriver/support/wait.py:80: TimeoutException
----------------------------- Captured stdout call -----------------------------

----------------------------- Captured stderr call -----------------------------
error: more than one device/emulator
_______________ CollageFilter1imgExportTest.test_filter_uploads ________________
[gw1] darwin -- Python 2.7.10 /System/Library/Frameworks/Python.framework/Versions/2.7/Resources/Python.app/Contents/MacOS/Python

self = <testInstasizeAutomation.CollageFilterExport6imgs.test_CollageBloom6imgs.CollageFilter1imgExportTest testMethod=test_filter_uploads>

    def test_filter_uploads(self):
        driver_builder = DriverBuilderAndroid()
        driver = driver_builder.driver
    
        # taps on the + icon
        addPhoto = GridPage(driver)
        addPhoto.addPhotoTap()
    
        # Asserts collapseIcon is displayed
        collapseIcon = GridPage(driver)
        collapseIcon.collapseIconFind()
    
        # taps on the native photos container
        tapCollageContainer = GridPage(driver)
        tapCollageContainer.collageButtonTap()
    
        # Asserts allPhotosButton is displayed
        allPhotosButton = PhotoLibraryAsserts(driver)
        allPhotosButton.allPhotosButton()
    
        # taps on the top left photo
        tapTopLeftPhoto = CollagePage(driver)
        tapTopLeftPhoto.topLeftPhoto()
    
        # taps on the next photo to the right
        tapOnNextPhoto = CollagePage(driver)
        tapOnNextPhoto.tap2ndPhoto()
    
        # taps on the 3rd photo
        tapOn3rdPhoto = CollagePage(driver)
        tapOn3rdPhoto.tap3rdPhoto()
    
        # taps on the 4th photo
        tapOn4thPhoto = CollagePage(driver)
        tapOn4thPhoto.tap4thPhoto()
    
        # taps on the 5th photo
        tapOn5thPhoto = CollagePage(driver)
        tapOn5thPhoto.tap5thPhoto()
    
        # taps on the 6th photo
        tapOn6thPhoto = CollagePage(driver)
        tapOn6thPhoto.tap6thPhoto()
    
        # taps on 1st collage option to open editor
        tapOnCollageOption = CollagePage(driver)
        tapOnCollageOption.tapFirstCollageOption()
    
        # taps on the filter
        filters = PaidEditorPage(driver)
        filters.bloomFilter()
    
        # Asserts tvFilterLevel is displayed
        tvFilterLevel = PhotoLibraryAsserts(driver)
        tvFilterLevel.tvFilterLevel()
    
        # taps on share button
        tapShareButton = EditorPage(driver)
        tapShareButton.sharebutton()
    
        # Taps on Instagram icon
        tapInstagram = GridPage(driver)
        tapInstagram.instagramIcon()
    
        # Searches for Instagram android popup on bottom of screen
        instagramSystemPopup = TryExcepts(driver)
>       instagramSystemPopup.instagramSystemPopup()

CollageFilterExport6imgs/test_CollageBloom6imgs.py:87: 
_ _ _ _ _ _ _ _ _ _ _ _ _ _ _ _ _ _ _ _ _ _ _ _ _ _ _ _ _ _ _ _ _ _ _ _ _ _ _ _ 
TryExcepts.py:18: in instagramSystemPopup
    self.driver.find_element_by_id("icon").click()
/Library/Python/2.7/site-packages/selenium/webdriver/remote/webdriver.py:289: in find_element_by_id
    return self.find_element(by=By.ID, value=id_)
/Library/Python/2.7/site-packages/selenium/webdriver/remote/webdriver.py:791: in find_element
    'value': value})['value']
/Library/Python/2.7/site-packages/selenium/webdriver/remote/webdriver.py:256: in execute
    self.error_handler.check_response(response)
_ _ _ _ _ _ _ _ _ _ _ _ _ _ _ _ _ _ _ _ _ _ _ _ _ _ _ _ _ _ _ _ _ _ _ _ _ _ _ _ 

self = <appium.webdriver.errorhandler.MobileErrorHandler object at 0x10c8409d0>
response = {'status': 500, 'value': '{"sessionId":"ca360e88-fc2c-4f5e-87e9-e12eaaf5f3ef","status":13,"value":{"message":"cannot f...n","lineNumber":555},{"fileName":"Thread.java","className":"java.lang.Thread","methodName":"run","lineNumber":745}]}}'}

>   ???
E   WebDriverException: Message: cannot forward the request localhost:4823 failed to respond
E   Stacktrace:
E       at org.openqa.grid.web.servlet.handler.RequestHandler.process (RequestHandler.java:140)
E       at org.openqa.grid.web.servlet.DriverServlet.process (DriverServlet.java:83)
E       at org.openqa.grid.web.servlet.DriverServlet.doPost (DriverServlet.java:67)
E       at javax.servlet.http.HttpServlet.service (HttpServlet.java:707)
E       at javax.servlet.http.HttpServlet.service (HttpServlet.java:790)
E       at org.seleniumhq.jetty9.servlet.ServletHolder.handle (ServletHolder.java:808)
E       at org.seleniumhq.jetty9.servlet.ServletHandler.doHandle (ServletHandler.java:587)
E       at org.seleniumhq.jetty9.server.session.SessionHandler.doHandle (SessionHandler.java:221)
E       at org.seleniumhq.jetty9.server.handler.ContextHandler.doHandle (ContextHandler.java:1127)
E       at org.seleniumhq.jetty9.servlet.ServletHandler.doScope (ServletHandler.java:515)
E       at org.seleniumhq.jetty9.server.session.SessionHandler.doScope (SessionHandler.java:185)
E       at org.seleniumhq.jetty9.server.handler.ContextHandler.doScope (ContextHandler.java:1061)
E       at org.seleniumhq.jetty9.server.handler.ScopedHandler.handle (ScopedHandler.java:141)
E       at org.seleniumhq.jetty9.server.handler.HandlerWrapper.handle (HandlerWrapper.java:97)
E       at org.seleniumhq.jetty9.server.Server.handle (Server.java:499)
E       at org.seleniumhq.jetty9.server.HttpChannel.handle (HttpChannel.java:310)
E       at org.seleniumhq.jetty9.server.HttpConnection.onFillable (HttpConnection.java:257)
E       at org.seleniumhq.jetty9.io.AbstractConnection$2.run (AbstractConnection.java:540)
E       at org.seleniumhq.jetty9.util.thread.QueuedThreadPool.runJob (QueuedThreadPool.java:635)
E       at org.seleniumhq.jetty9.util.thread.QueuedThreadPool$3.run (QueuedThreadPool.java:555)
E       at java.lang.Thread.run (Thread.java:745)

build/bdist.macosx-10.12-intel/egg/appium/webdriver/errorhandler.py:29: WebDriverException
----------------------------- Captured stdout call -----------------------------

----------------------------- Captured stderr call -----------------------------
error: more than one device/emulator
_______________ CollageFilter1imgExportTest.test_filter_uploads ________________
[gw0] darwin -- Python 2.7.10 /System/Library/Frameworks/Python.framework/Versions/2.7/Resources/Python.app/Contents/MacOS/Python

self = <testInstasizeAutomation.CollageFilterExport6imgs.test_CollageCalico6imgs.CollageFilter1imgExportTest testMethod=test_filter_uploads>

    def test_filter_uploads(self):
>       driver_builder = DriverBuilderAndroid()

CollageFilterExport6imgs/test_CollageCalico6imgs.py:22: 
_ _ _ _ _ _ _ _ _ _ _ _ _ _ _ _ _ _ _ _ _ _ _ _ _ _ _ _ _ _ _ _ _ _ _ _ _ _ _ _ 
DriverBuilder7zero.py:12: in __init__
    self.setUp()
DriverBuilder7zero.py:24: in setUp
    self.driver = webdriver.Remote('http://0.0.0.0:4444/wd/hub', desired_caps)
build/bdist.macosx-10.12-intel/egg/appium/webdriver/webdriver.py:36: in __init__
    ???
/Library/Python/2.7/site-packages/selenium/webdriver/remote/webdriver.py:98: in __init__
    self.start_session(desired_capabilities, browser_profile)
/Library/Python/2.7/site-packages/selenium/webdriver/remote/webdriver.py:188: in start_session
    response = self.execute(Command.NEW_SESSION, parameters)
/Library/Python/2.7/site-packages/selenium/webdriver/remote/webdriver.py:256: in execute
    self.error_handler.check_response(response)
_ _ _ _ _ _ _ _ _ _ _ _ _ _ _ _ _ _ _ _ _ _ _ _ _ _ _ _ _ _ _ _ _ _ _ _ _ _ _ _ 

self = <selenium.webdriver.remote.errorhandler.ErrorHandler object at 0x104ac3350>
response = {'status': 500, 'value': '{"status":13,"value":{"message":"Error forwarding the new session Error forwarding the reque...n","lineNumber":555},{"fileName":"Thread.java","className":"java.lang.Thread","methodName":"run","lineNumber":745}]}}'}

    def check_response(self, response):
        """
            Checks that a JSON response from the WebDriver does not have an error.
    
            :Args:
             - response - The JSON response from the WebDriver server as a dictionary
               object.
    
            :Raises: If the response contains an error message.
            """
        status = response.get('status', None)
        if status is None or status == ErrorCode.SUCCESS:
            return
        value = None
        message = response.get("message", "")
        screen = response.get("screen", "")
        stacktrace = None
        if isinstance(status, int):
            value_json = response.get('value', None)
            if value_json and isinstance(value_json, basestring):
                import json
                try:
                    value = json.loads(value_json)
                    if len(value.keys()) == 1:
                        value = value['value']
                    status = value.get('error', None)
                    if status is None:
                        status = value["status"]
                        message = value["value"]
                        if not isinstance(message, basestring):
                            value = message
                            message = message.get('message')
                    else:
                        message = value.get('message', None)
                except ValueError:
                    pass
    
        exception_class = ErrorInResponseException
        if status in ErrorCode.NO_SUCH_ELEMENT:
            exception_class = NoSuchElementException
        elif status in ErrorCode.NO_SUCH_FRAME:
            exception_class = NoSuchFrameException
        elif status in ErrorCode.NO_SUCH_WINDOW:
            exception_class = NoSuchWindowException
        elif status in ErrorCode.STALE_ELEMENT_REFERENCE:
            exception_class = StaleElementReferenceException
        elif status in ErrorCode.ELEMENT_NOT_VISIBLE:
            exception_class = ElementNotVisibleException
        elif status in ErrorCode.INVALID_ELEMENT_STATE:
            exception_class = InvalidElementStateException
        elif status in ErrorCode.INVALID_SELECTOR \
                or status in ErrorCode.INVALID_XPATH_SELECTOR \
                or status in ErrorCode.INVALID_XPATH_SELECTOR_RETURN_TYPER:
            exception_class = InvalidSelectorException
        elif status in ErrorCode.ELEMENT_IS_NOT_SELECTABLE:
            exception_class = ElementNotSelectableException
        elif status in ErrorCode.ELEMENT_NOT_INTERACTABLE:
            exception_class = ElementNotInteractableException
        elif status in ErrorCode.INVALID_COOKIE_DOMAIN:
            exception_class = WebDriverException
        elif status in ErrorCode.UNABLE_TO_SET_COOKIE:
            exception_class = WebDriverException
        elif status in ErrorCode.TIMEOUT:
            exception_class = TimeoutException
        elif status in ErrorCode.SCRIPT_TIMEOUT:
            exception_class = TimeoutException
        elif status in ErrorCode.UNKNOWN_ERROR:
            exception_class = WebDriverException
        elif status in ErrorCode.UNEXPECTED_ALERT_OPEN:
            exception_class = UnexpectedAlertPresentException
        elif status in ErrorCode.NO_ALERT_OPEN:
            exception_class = NoAlertPresentException
        elif status in ErrorCode.IME_NOT_AVAILABLE:
            exception_class = ImeNotAvailableException
        elif status in ErrorCode.IME_ENGINE_ACTIVATION_FAILED:
            exception_class = ImeActivationFailedException
        elif status in ErrorCode.MOVE_TARGET_OUT_OF_BOUNDS:
            exception_class = MoveTargetOutOfBoundsException
        else:
            exception_class = WebDriverException
        if value == '' or value is None:
            value = response['value']
        if isinstance(value, basestring):
            if exception_class == ErrorInResponseException:
                raise exception_class(response, value)
            raise exception_class(value)
        if message == "" and 'message' in value:
            message = value['message']
    
        screen = None
        if 'screen' in value:
            screen = value['screen']
    
        stacktrace = None
        if 'stackTrace' in value and value['stackTrace']:
            stacktrace = []
            try:
                for frame in value['stackTrace']:
                    line = self._value_or_default(frame, 'lineNumber', '')
                    file = self._value_or_default(frame, 'fileName', '<anonymous>')
                    if line:
                        file = "%s:%s" % (file, line)
                    meth = self._value_or_default(frame, 'methodName', '<anonymous>')
                    if 'className' in frame:
                        meth = "%s.%s" % (frame['className'], meth)
                    msg = "    at %s (%s)"
                    msg = msg % (meth, file)
                    stacktrace.append(msg)
            except TypeError:
                pass
        if exception_class == ErrorInResponseException:
            raise exception_class(response, message)
        elif exception_class == UnexpectedAlertPresentException and 'alert' in value:
            raise exception_class(message, screen, stacktrace, value['alert'].get('text'))
>       raise exception_class(message, screen, stacktrace)
E       WebDriverException: Message: Error forwarding the new session Error forwarding the request localhost:4823 failed to respond
E       Stacktrace:
E           at org.openqa.grid.web.servlet.handler.RequestHandler.process (RequestHandler.java:115)
E           at org.openqa.grid.web.servlet.DriverServlet.process (DriverServlet.java:83)
E           at org.openqa.grid.web.servlet.DriverServlet.doPost (DriverServlet.java:67)
E           at javax.servlet.http.HttpServlet.service (HttpServlet.java:707)
E           at javax.servlet.http.HttpServlet.service (HttpServlet.java:790)
E           at org.seleniumhq.jetty9.servlet.ServletHolder.handle (ServletHolder.java:808)
E           at org.seleniumhq.jetty9.servlet.ServletHandler.doHandle (ServletHandler.java:587)
E           at org.seleniumhq.jetty9.server.session.SessionHandler.doHandle (SessionHandler.java:221)
E           at org.seleniumhq.jetty9.server.handler.ContextHandler.doHandle (ContextHandler.java:1127)
E           at org.seleniumhq.jetty9.servlet.ServletHandler.doScope (ServletHandler.java:515)
E           at org.seleniumhq.jetty9.server.session.SessionHandler.doScope (SessionHandler.java:185)
E           at org.seleniumhq.jetty9.server.handler.ContextHandler.doScope (ContextHandler.java:1061)
E           at org.seleniumhq.jetty9.server.handler.ScopedHandler.handle (ScopedHandler.java:141)
E           at org.seleniumhq.jetty9.server.handler.HandlerWrapper.handle (HandlerWrapper.java:97)
E           at org.seleniumhq.jetty9.server.Server.handle (Server.java:499)
E           at org.seleniumhq.jetty9.server.HttpChannel.handle (HttpChannel.java:310)
E           at org.seleniumhq.jetty9.server.HttpConnection.onFillable (HttpConnection.java:257)
E           at org.seleniumhq.jetty9.io.AbstractConnection$2.run (AbstractConnection.java:540)
E           at org.seleniumhq.jetty9.util.thread.QueuedThreadPool.runJob (QueuedThreadPool.java:635)
E           at org.seleniumhq.jetty9.util.thread.QueuedThreadPool$3.run (QueuedThreadPool.java:555)
E           at java.lang.Thread.run (Thread.java:745)

/Library/Python/2.7/site-packages/selenium/webdriver/remote/errorhandler.py:194: WebDriverException
----------------------------- Captured stdout call -----------------------------

----------------------------- Captured stderr call -----------------------------
error: more than one device/emulator
_______________ CollageFilter1imgExportTest.test_filter_uploads ________________
[gw1] darwin -- Python 2.7.10 /System/Library/Frameworks/Python.framework/Versions/2.7/Resources/Python.app/Contents/MacOS/Python

self = <testInstasizeAutomation.CollageFilterExport6imgs.test_CollageCelsius6imgs.CollageFilter1imgExportTest testMethod=test_filter_uploads>

    def test_filter_uploads(self):
        driver_builder = DriverBuilderAndroid()
        driver = driver_builder.driver
    
        # taps on the + icon
        addPhoto = GridPage(driver)
        addPhoto.addPhotoTap()
    
        # Asserts collapseIcon is displayed
        collapseIcon = GridPage(driver)
        collapseIcon.collapseIconFind()
    
        # taps on the native photos container
        tapCollageContainer = GridPage(driver)
        tapCollageContainer.collageButtonTap()
    
        # Asserts allPhotosButton is displayed
        allPhotosButton = PhotoLibraryAsserts(driver)
        allPhotosButton.allPhotosButton()
    
        # taps on the top left photo
        tapTopLeftPhoto = CollagePage(driver)
>       tapTopLeftPhoto.topLeftPhoto()

CollageFilterExport6imgs/test_CollageCelsius6imgs.py:43: 
_ _ _ _ _ _ _ _ _ _ _ _ _ _ _ _ _ _ _ _ _ _ _ _ _ _ _ _ _ _ _ _ _ _ _ _ _ _ _ _ 
InstasizePages.py:739: in topLeftPhoto
    el.click()
/Library/Python/2.7/site-packages/selenium/webdriver/remote/webelement.py:77: in click
    self._execute(Command.CLICK_ELEMENT)
/Library/Python/2.7/site-packages/selenium/webdriver/remote/webelement.py:493: in _execute
    return self._parent.execute(command, params)
/Library/Python/2.7/site-packages/selenium/webdriver/remote/webdriver.py:256: in execute
    self.error_handler.check_response(response)
_ _ _ _ _ _ _ _ _ _ _ _ _ _ _ _ _ _ _ _ _ _ _ _ _ _ _ _ _ _ _ _ _ _ _ _ _ _ _ _ 

self = <appium.webdriver.errorhandler.MobileErrorHandler object at 0x10c8dbc90>
response = {'status': 500, 'value': '{"status":13,"value":{"message":"An unknown server-side error occurred while processing the command. Original error: UiAUtomator shut down unexpectedly"},"sessionId":"e3fb9418-8cf5-4727-ba4c-3c531e09250a"}'}

>   ???
E   WebDriverException: Message: An unknown server-side error occurred while processing the command. Original error: UiAUtomator shut down unexpectedly

build/bdist.macosx-10.12-intel/egg/appium/webdriver/errorhandler.py:29: WebDriverException
----------------------------- Captured stdout call -----------------------------

----------------------------- Captured stderr call -----------------------------
error: more than one device/emulator
_______________ CollageFilter1imgExportTest.test_filter_uploads ________________
[gw0] darwin -- Python 2.7.10 /System/Library/Frameworks/Python.framework/Versions/2.7/Resources/Python.app/Contents/MacOS/Python

self = <testInstasizeAutomation.CollageFilterExport6imgs.test_CollageCoast6imgs.CollageFilter1imgExportTest testMethod=test_filter_uploads>

    def test_filter_uploads(self):
        driver_builder = DriverBuilderAndroid()
        driver = driver_builder.driver
    
        # taps on the + icon
        addPhoto = GridPage(driver)
        addPhoto.addPhotoTap()
    
        # Asserts collapseIcon is displayed
        collapseIcon = GridPage(driver)
        collapseIcon.collapseIconFind()
    
        # taps on the native photos container
        tapCollageContainer = GridPage(driver)
        tapCollageContainer.collageButtonTap()
    
        # Asserts allPhotosButton is displayed
        allPhotosButton = PhotoLibraryAsserts(driver)
        allPhotosButton.allPhotosButton()
    
        # taps on the top left photo
        tapTopLeftPhoto = CollagePage(driver)
        tapTopLeftPhoto.topLeftPhoto()
    
        # taps on the next photo to the right
        tapOnNextPhoto = CollagePage(driver)
        tapOnNextPhoto.tap2ndPhoto()
    
        # taps on the 3rd photo
        tapOn3rdPhoto = CollagePage(driver)
        tapOn3rdPhoto.tap3rdPhoto()
    
        # taps on the 4th photo
        tapOn4thPhoto = CollagePage(driver)
        tapOn4thPhoto.tap4thPhoto()
    
        # taps on the 5th photo
        tapOn5thPhoto = CollagePage(driver)
        tapOn5thPhoto.tap5thPhoto()
    
        # taps on the 6th photo
        tapOn6thPhoto = CollagePage(driver)
        tapOn6thPhoto.tap6thPhoto()
    
        # taps on 1st collage option to open editor
        tapOnCollageOption = CollagePage(driver)
        tapOnCollageOption.tapFirstCollageOption()
    
        # taps on the filter
        filters = EditorPage(driver)
>       filters.findCoastFilter()

CollageFilterExport6imgs/test_CollageCoast6imgs.py:71: 
_ _ _ _ _ _ _ _ _ _ _ _ _ _ _ _ _ _ _ _ _ _ _ _ _ _ _ _ _ _ _ _ _ _ _ _ _ _ _ _ 
InstasizePages.py:50: in findCoastFilter
    EditorPage.swipeInEditor(self)
InstasizePages.py:454: in swipeInEditor
    self.driver.swipe(1000, 2268, 201, 2268)
build/bdist.macosx-10.12-intel/egg/appium/webdriver/webdriver.py:287: in swipe
    ???
build/bdist.macosx-10.12-intel/egg/appium/webdriver/common/touch_action.py:94: in perform
    ???
/Library/Python/2.7/site-packages/selenium/webdriver/remote/webdriver.py:256: in execute
    self.error_handler.check_response(response)
_ _ _ _ _ _ _ _ _ _ _ _ _ _ _ _ _ _ _ _ _ _ _ _ _ _ _ _ _ _ _ _ _ _ _ _ _ _ _ _ 

self = <appium.webdriver.errorhandler.MobileErrorHandler object at 0x10392b790>
response = {'status': 500, 'value': '{"status":13,"value":{"message":"An unknown server-side error occurred while processing the command."},"sessionId":"ae202227-bd41-42c0-a1a0-348780f1986a"}'}

>   ???
E   WebDriverException: Message: An unknown server-side error occurred while processing the command.

build/bdist.macosx-10.12-intel/egg/appium/webdriver/errorhandler.py:29: WebDriverException
----------------------------- Captured stdout call -----------------------------

----------------------------- Captured stderr call -----------------------------
error: more than one device/emulator
_______________ CollageFilter1imgExportTest.test_filter_uploads ________________
[gw1] darwin -- Python 2.7.10 /System/Library/Frameworks/Python.framework/Versions/2.7/Resources/Python.app/Contents/MacOS/Python

self = <testInstasizeAutomation.CollageFilterExport6imgs.test_CollageCruz6imgs.CollageFilter1imgExportTest testMethod=test_filter_uploads>

    def test_filter_uploads(self):
        driver_builder = DriverBuilderAndroid()
        driver = driver_builder.driver
    
        # taps on the + icon
        addPhoto = GridPage(driver)
>       addPhoto.addPhotoTap()

CollageFilterExport6imgs/test_CollageCruz6imgs.py:27: 
_ _ _ _ _ _ _ _ _ _ _ _ _ _ _ _ _ _ _ _ _ _ _ _ _ _ _ _ _ _ _ _ _ _ _ _ _ _ _ _ 
InstasizePages.py:495: in addPhotoTap
    EC.presence_of_element_located((By.ID, "ibAddPhoto")))
_ _ _ _ _ _ _ _ _ _ _ _ _ _ _ _ _ _ _ _ _ _ _ _ _ _ _ _ _ _ _ _ _ _ _ _ _ _ _ _ 

self = <selenium.webdriver.support.wait.WebDriverWait (session="f589614b-fd5e-4ca1-8965-af8bf0368b3e")>
method = <selenium.webdriver.support.expected_conditions.presence_of_element_located object at 0x10c8cf890>
message = ''

    def until(self, method, message=''):
        """Calls the method provided with the driver as an argument until the \
            return value is not False."""
        screen = None
        stacktrace = None
    
        end_time = time.time() + self._timeout
        while True:
            try:
                value = method(self._driver)
                if value:
                    return value
            except self._ignored_exceptions as exc:
                screen = getattr(exc, 'screen', None)
                stacktrace = getattr(exc, 'stacktrace', None)
            time.sleep(self._poll)
            if time.time() > end_time:
                break
>       raise TimeoutException(message, screen, stacktrace)
E       TimeoutException: Message:

/Library/Python/2.7/site-packages/selenium/webdriver/support/wait.py:80: TimeoutException
----------------------------- Captured stdout call -----------------------------

----------------------------- Captured stderr call -----------------------------
error: more than one device/emulator
_______________ CollageFilter1imgExportTest.test_filter_uploads ________________
[gw1] darwin -- Python 2.7.10 /System/Library/Frameworks/Python.framework/Versions/2.7/Resources/Python.app/Contents/MacOS/Python

self = <testInstasizeAutomation.CollageFilterExport6imgs.test_CollageFin6imgs.CollageFilter1imgExportTest testMethod=test_filter_uploads>

    def test_filter_uploads(self):
        driver_builder = DriverBuilderAndroid()
        driver = driver_builder.driver
    
        # taps on the + icon
        addPhoto = GridPage(driver)
        addPhoto.addPhotoTap()
    
        # Asserts collapseIcon is displayed
        collapseIcon = GridPage(driver)
        collapseIcon.collapseIconFind()
    
        # taps on the native photos container
        tapCollageContainer = GridPage(driver)
        tapCollageContainer.collageButtonTap()
    
        # Asserts allPhotosButton is displayed
        allPhotosButton = PhotoLibraryAsserts(driver)
>       allPhotosButton.allPhotosButton()

CollageFilterExport6imgs/test_CollageFin6imgs.py:39: 
_ _ _ _ _ _ _ _ _ _ _ _ _ _ _ _ _ _ _ _ _ _ _ _ _ _ _ _ _ _ _ _ _ _ _ _ _ _ _ _ 
Asserts.py:17: in allPhotosButton
    allPhotosButton = self.driver.find_element_by_id("btnShowAlbumsList")
/Library/Python/2.7/site-packages/selenium/webdriver/remote/webdriver.py:289: in find_element_by_id
    return self.find_element(by=By.ID, value=id_)
/Library/Python/2.7/site-packages/selenium/webdriver/remote/webdriver.py:791: in find_element
    'value': value})['value']
/Library/Python/2.7/site-packages/selenium/webdriver/remote/webdriver.py:256: in execute
    self.error_handler.check_response(response)
_ _ _ _ _ _ _ _ _ _ _ _ _ _ _ _ _ _ _ _ _ _ _ _ _ _ _ _ _ _ _ _ _ _ _ _ _ _ _ _ 

self = <appium.webdriver.errorhandler.MobileErrorHandler object at 0x10bed9ed0>
response = {'status': 500, 'value': '{"status":7,"value":{"message":"An element could not be located on the page using the given search parameters."},"sessionId":"8f93d1b6-17be-46d2-aa05-067dcc3c590c"}'}

>   ???
E   NoSuchElementException: Message: An element could not be located on the page using the given search parameters.

build/bdist.macosx-10.12-intel/egg/appium/webdriver/errorhandler.py:29: NoSuchElementException
----------------------------- Captured stdout call -----------------------------

----------------------------- Captured stderr call -----------------------------
error: more than one device/emulator
_______________ CollageFilter1imgExportTest.test_filter_uploads ________________
[gw1] darwin -- Python 2.7.10 /System/Library/Frameworks/Python.framework/Versions/2.7/Resources/Python.app/Contents/MacOS/Python

self = <testInstasizeAutomation.CollageFilterExport6imgs.test_CollageFlux6imgs.CollageFilter1imgExportTest testMethod=test_filter_uploads>

    def test_filter_uploads(self):
        driver_builder = DriverBuilderAndroid()
        driver = driver_builder.driver
    
        # taps on the + icon
        addPhoto = GridPage(driver)
>       addPhoto.addPhotoTap()

CollageFilterExport6imgs/test_CollageFlux6imgs.py:27: 
_ _ _ _ _ _ _ _ _ _ _ _ _ _ _ _ _ _ _ _ _ _ _ _ _ _ _ _ _ _ _ _ _ _ _ _ _ _ _ _ 
InstasizePages.py:477: in addPhotoTap
    plusIcon = self.driver.find_element_by_id("ibAddPhoto")
/Library/Python/2.7/site-packages/selenium/webdriver/remote/webdriver.py:289: in find_element_by_id
    return self.find_element(by=By.ID, value=id_)
/Library/Python/2.7/site-packages/selenium/webdriver/remote/webdriver.py:791: in find_element
    'value': value})['value']
/Library/Python/2.7/site-packages/selenium/webdriver/remote/webdriver.py:256: in execute
    self.error_handler.check_response(response)
_ _ _ _ _ _ _ _ _ _ _ _ _ _ _ _ _ _ _ _ _ _ _ _ _ _ _ _ _ _ _ _ _ _ _ _ _ _ _ _ 

self = <appium.webdriver.errorhandler.MobileErrorHandler object at 0x10c7043d0>
response = {'status': 404, 'value': '{"status":6,"value":{"message":"A session is either terminated or not started"},"sessionId":"f65fa685-2170-478c-8844-f78525e334c5"}'}

>   ???
E   WebDriverException: Message: A session is either terminated or not started

build/bdist.macosx-10.12-intel/egg/appium/webdriver/errorhandler.py:29: WebDriverException
----------------------------- Captured stdout call -----------------------------

----------------------------- Captured stderr call -----------------------------
error: more than one device/emulator
_______________ CollageFilter1imgExportTest.test_filter_uploads ________________
[gw0] darwin -- Python 2.7.10 /System/Library/Frameworks/Python.framework/Versions/2.7/Resources/Python.app/Contents/MacOS/Python

self = <testInstasizeAutomation.CollageFilterExport6imgs.test_CollageFlume6imgs.CollageFilter1imgExportTest testMethod=test_filter_uploads>

    def test_filter_uploads(self):
        driver_builder = DriverBuilderAndroid()
        driver = driver_builder.driver
    
        # taps on the + icon
        addPhoto = GridPage(driver)
        addPhoto.addPhotoTap()
    
        # Asserts collapseIcon is displayed
        collapseIcon = GridPage(driver)
        collapseIcon.collapseIconFind()
    
        # taps on the native photos container
        tapCollageContainer = GridPage(driver)
        tapCollageContainer.collageButtonTap()
    
        # Asserts allPhotosButton is displayed
        allPhotosButton = PhotoLibraryAsserts(driver)
        allPhotosButton.allPhotosButton()
    
        # taps on the top left photo
        tapTopLeftPhoto = CollagePage(driver)
        tapTopLeftPhoto.topLeftPhoto()
    
        # taps on the next photo to the right
        tapOnNextPhoto = CollagePage(driver)
>       tapOnNextPhoto.tap2ndPhoto()

CollageFilterExport6imgs/test_CollageFlume6imgs.py:47: 
_ _ _ _ _ _ _ _ _ _ _ _ _ _ _ _ _ _ _ _ _ _ _ _ _ _ _ _ _ _ _ _ _ _ _ _ _ _ _ _ 
InstasizePages.py:752: in tap2ndPhoto
    if el.is_enabled():
/Library/Python/2.7/site-packages/selenium/webdriver/remote/webelement.py:157: in is_enabled
    return self._execute(Command.IS_ELEMENT_ENABLED)['value']
/Library/Python/2.7/site-packages/selenium/webdriver/remote/webelement.py:493: in _execute
    return self._parent.execute(command, params)
/Library/Python/2.7/site-packages/selenium/webdriver/remote/webdriver.py:256: in execute
    self.error_handler.check_response(response)
_ _ _ _ _ _ _ _ _ _ _ _ _ _ _ _ _ _ _ _ _ _ _ _ _ _ _ _ _ _ _ _ _ _ _ _ _ _ _ _ 

self = <appium.webdriver.errorhandler.MobileErrorHandler object at 0x10310dad0>
response = {'status': 500, 'value': '{"status":13,"value":{"message":"An unknown server-side error occurred while processing the command. Original error: UiAUtomator shut down unexpectedly"},"sessionId":"3c70c81b-074d-4674-82eb-1c1ce6d459ec"}'}

>   ???
E   WebDriverException: Message: An unknown server-side error occurred while processing the command. Original error: UiAUtomator shut down unexpectedly

build/bdist.macosx-10.12-intel/egg/appium/webdriver/errorhandler.py:29: WebDriverException
----------------------------- Captured stdout call -----------------------------

----------------------------- Captured stderr call -----------------------------
error: more than one device/emulator
_______________ CollageFilter1imgExportTest.test_filter_uploads ________________
[gw0] darwin -- Python 2.7.10 /System/Library/Frameworks/Python.framework/Versions/2.7/Resources/Python.app/Contents/MacOS/Python

self = <testInstasizeAutomation.CollageFilterExport6imgs.test_CollageLoft6imgs.CollageFilter1imgExportTest testMethod=test_filter_uploads>

    def test_filter_uploads(self):
        driver_builder = DriverBuilderAndroid()
        driver = driver_builder.driver
    
        # taps on the + icon
        addPhoto = GridPage(driver)
        addPhoto.addPhotoTap()
    
        # Asserts collapseIcon is displayed
        collapseIcon = GridPage(driver)
        collapseIcon.collapseIconFind()
    
        # taps on the native photos container
        tapCollageContainer = GridPage(driver)
        tapCollageContainer.collageButtonTap()
    
        # Asserts allPhotosButton is displayed
        allPhotosButton = PhotoLibraryAsserts(driver)
        allPhotosButton.allPhotosButton()
    
        # taps on the top left photo
        tapTopLeftPhoto = CollagePage(driver)
        tapTopLeftPhoto.topLeftPhoto()
    
        # taps on the next photo to the right
        tapOnNextPhoto = CollagePage(driver)
        tapOnNextPhoto.tap2ndPhoto()
    
        # taps on the 3rd photo
        tapOn3rdPhoto = CollagePage(driver)
        tapOn3rdPhoto.tap3rdPhoto()
    
        # taps on the 4th photo
        tapOn4thPhoto = CollagePage(driver)
        tapOn4thPhoto.tap4thPhoto()
    
        # taps on the 5th photo
        tapOn5thPhoto = CollagePage(driver)
        tapOn5thPhoto.tap5thPhoto()
    
        # taps on the 6th photo
        tapOn6thPhoto = CollagePage(driver)
        tapOn6thPhoto.tap6thPhoto()
    
        # taps on 1st collage option to open editor
        tapOnCollageOption = CollagePage(driver)
        tapOnCollageOption.tapFirstCollageOption()
    
        # taps on the filter
        filters = PaidEditorPage(driver)
>       filters.loftFilter()

CollageFilterExport6imgs/test_CollageLoft6imgs.py:71: 
_ _ _ _ _ _ _ _ _ _ _ _ _ _ _ _ _ _ _ _ _ _ _ _ _ _ _ _ _ _ _ _ _ _ _ _ _ _ _ _ 
PaidFiltersPage.py:336: in loftFilter
    PaidEditorPage.swipeInEditor(self)
PaidFiltersPage.py:569: in swipeInEditor
    self.driver.swipe(1000, 2268, 201, 2268)
build/bdist.macosx-10.12-intel/egg/appium/webdriver/webdriver.py:287: in swipe
    ???
build/bdist.macosx-10.12-intel/egg/appium/webdriver/common/touch_action.py:94: in perform
    ???
/Library/Python/2.7/site-packages/selenium/webdriver/remote/webdriver.py:256: in execute
    self.error_handler.check_response(response)
_ _ _ _ _ _ _ _ _ _ _ _ _ _ _ _ _ _ _ _ _ _ _ _ _ _ _ _ _ _ _ _ _ _ _ _ _ _ _ _ 

self = <appium.webdriver.errorhandler.MobileErrorHandler object at 0x1039bbd10>
response = {'status': 500, 'value': '{"status":13,"value":{"message":"An unknown server-side error occurred while processing the command."},"sessionId":"d2e3182c-99b0-4345-b617-f27878e56421"}'}

>   ???
E   WebDriverException: Message: An unknown server-side error occurred while processing the command.

build/bdist.macosx-10.12-intel/egg/appium/webdriver/errorhandler.py:29: WebDriverException
----------------------------- Captured stdout call -----------------------------

----------------------------- Captured stderr call -----------------------------
error: more than one device/emulator
!!!!!!!!!!!!!!!!!!!!!!!!!!!!!! KeyboardInterrupt !!!!!!!!!!!!!!!!!!!!!!!!!!!!!!!
to show a full traceback on KeyboardInterrupt use --fulltrace
/System/Library/Frameworks/Python.framework/Versions/2.7/lib/python2.7/threading.py:359: KeyboardInterrupt
=================== 14 failed, 9 passed in 10102.75 seconds ====================
